SQL> 
SQL> Prompt Format de la date
Format de la date
SQL> ALTER SESSION SET NLS_DATE_FORMAT = 'DD-MM-YYYY';

Session altered.

SQL> 
SQL> 
SQL> PROMPT Contenu des tables
Contenu des tables
SQL> SELECT * FROM DOSSIERPATIENT;

    NUMDOS NOMP                                                                 
---------- ---------------------------------------------                        
PRENOMP                                       G NUMAS        DATENAISS          
--------------------------------------------- - ------------ ----------         
DATEC      MATRICULE                                                            
---------- ---------------------------------------------                        
         1 Skywalker                                                            
Anakin                                        M SKYA12345678 01-07-2050         
19-04-2018 PALS                                                                 
                                                                                
         2 Amidala                                                              
Padme                                         F AMIP12345678 01-07-2055         
19-04-2018 KENO                                                                 

    NUMDOS NOMP                                                                 
---------- ---------------------------------------------                        
PRENOMP                                       G NUMAS        DATENAISS          
--------------------------------------------- - ------------ ----------         
DATEC      MATRICULE                                                            
---------- ---------------------------------------------                        
                                                                                
         3 Solo                                                                 
Han                                           M SOLH12345678 01-07-2085         
19-04-2018 KENO                                                                 
                                                                                
         4 Buzz                                                                 
Eclair                                        M BUZE12345354 01-07-1992         

    NUMDOS NOMP                                                                 
---------- ---------------------------------------------                        
PRENOMP                                       G NUMAS        DATENAISS          
--------------------------------------------- - ------------ ----------         
DATEC      MATRICULE                                                            
---------- ---------------------------------------------                        
19-04-2018 KENO                                                                 
                                                                                

SQL> SELECT * FROM DOCTEUR;

MATRICULE                                                                       
---------------------------------------------                                   
NOMM                                                                            
---------------------------------------------                                   
PRENOMM                                                                         
---------------------------------------------                                   
SPECIALITE                                                                      
---------------------------------------------                                   
VILLE                                                                           
---------------------------------------------                                   
ADRESSE                                                                         
--------------------------------------------------------------------------------
NIVEAU                                        NBRPATIENTS                       
--------------------------------------------- -----------                       
KENO                                                                            

MATRICULE                                                                       
---------------------------------------------                                   
NOMM                                                                            
---------------------------------------------                                   
PRENOMM                                                                         
---------------------------------------------                                   
SPECIALITE                                                                      
---------------------------------------------                                   
VILLE                                                                           
---------------------------------------------                                   
ADRESSE                                                                         
--------------------------------------------------------------------------------
NIVEAU                                        NBRPATIENTS                       
--------------------------------------------- -----------                       
Kenobi                                                                          

MATRICULE                                                                       
---------------------------------------------                                   
NOMM                                                                            
---------------------------------------------                                   
PRENOMM                                                                         
---------------------------------------------                                   
SPECIALITE                                                                      
---------------------------------------------                                   
VILLE                                                                           
---------------------------------------------                                   
ADRESSE                                                                         
--------------------------------------------------------------------------------
NIVEAU                                        NBRPATIENTS                       
--------------------------------------------- -----------                       
Obi-Wan                                                                         

MATRICULE                                                                       
---------------------------------------------                                   
NOMM                                                                            
---------------------------------------------                                   
PRENOMM                                                                         
---------------------------------------------                                   
SPECIALITE                                                                      
---------------------------------------------                                   
VILLE                                                                           
---------------------------------------------                                   
ADRESSE                                                                         
--------------------------------------------------------------------------------
NIVEAU                                        NBRPATIENTS                       
--------------------------------------------- -----------                       
CARDIO                                                                          

MATRICULE                                                                       
---------------------------------------------                                   
NOMM                                                                            
---------------------------------------------                                   
PRENOMM                                                                         
---------------------------------------------                                   
SPECIALITE                                                                      
---------------------------------------------                                   
VILLE                                                                           
---------------------------------------------                                   
ADRESSE                                                                         
--------------------------------------------------------------------------------
NIVEAU                                        NBRPATIENTS                       
--------------------------------------------- -----------                       
Québec                                                                         

MATRICULE                                                                       
---------------------------------------------                                   
NOMM                                                                            
---------------------------------------------                                   
PRENOMM                                                                         
---------------------------------------------                                   
SPECIALITE                                                                      
---------------------------------------------                                   
VILLE                                                                           
---------------------------------------------                                   
ADRESSE                                                                         
--------------------------------------------------------------------------------
NIVEAU                                        NBRPATIENTS                       
--------------------------------------------- -----------                       
666 rue de Tatooine                                                             

MATRICULE                                                                       
---------------------------------------------                                   
NOMM                                                                            
---------------------------------------------                                   
PRENOMM                                                                         
---------------------------------------------                                   
SPECIALITE                                                                      
---------------------------------------------                                   
VILLE                                                                           
---------------------------------------------                                   
ADRESSE                                                                         
--------------------------------------------------------------------------------
NIVEAU                                        NBRPATIENTS                       
--------------------------------------------- -----------                       
Docteur                                                 0                       

MATRICULE                                                                       
---------------------------------------------                                   
NOMM                                                                            
---------------------------------------------                                   
PRENOMM                                                                         
---------------------------------------------                                   
SPECIALITE                                                                      
---------------------------------------------                                   
VILLE                                                                           
---------------------------------------------                                   
ADRESSE                                                                         
--------------------------------------------------------------------------------
NIVEAU                                        NBRPATIENTS                       
--------------------------------------------- -----------                       
                                                                                

MATRICULE                                                                       
---------------------------------------------                                   
NOMM                                                                            
---------------------------------------------                                   
PRENOMM                                                                         
---------------------------------------------                                   
SPECIALITE                                                                      
---------------------------------------------                                   
VILLE                                                                           
---------------------------------------------                                   
ADRESSE                                                                         
--------------------------------------------------------------------------------
NIVEAU                                        NBRPATIENTS                       
--------------------------------------------- -----------                       
PALS                                                                            

MATRICULE                                                                       
---------------------------------------------                                   
NOMM                                                                            
---------------------------------------------                                   
PRENOMM                                                                         
---------------------------------------------                                   
SPECIALITE                                                                      
---------------------------------------------                                   
VILLE                                                                           
---------------------------------------------                                   
ADRESSE                                                                         
--------------------------------------------------------------------------------
NIVEAU                                        NBRPATIENTS                       
--------------------------------------------- -----------                       
Palpatine                                                                       

MATRICULE                                                                       
---------------------------------------------                                   
NOMM                                                                            
---------------------------------------------                                   
PRENOMM                                                                         
---------------------------------------------                                   
SPECIALITE                                                                      
---------------------------------------------                                   
VILLE                                                                           
---------------------------------------------                                   
ADRESSE                                                                         
--------------------------------------------------------------------------------
NIVEAU                                        NBRPATIENTS                       
--------------------------------------------- -----------                       
Sheev                                                                           

MATRICULE                                                                       
---------------------------------------------                                   
NOMM                                                                            
---------------------------------------------                                   
PRENOMM                                                                         
---------------------------------------------                                   
SPECIALITE                                                                      
---------------------------------------------                                   
VILLE                                                                           
---------------------------------------------                                   
ADRESSE                                                                         
--------------------------------------------------------------------------------
NIVEAU                                        NBRPATIENTS                       
--------------------------------------------- -----------                       
IMMUNO                                                                          

MATRICULE                                                                       
---------------------------------------------                                   
NOMM                                                                            
---------------------------------------------                                   
PRENOMM                                                                         
---------------------------------------------                                   
SPECIALITE                                                                      
---------------------------------------------                                   
VILLE                                                                           
---------------------------------------------                                   
ADRESSE                                                                         
--------------------------------------------------------------------------------
NIVEAU                                        NBRPATIENTS                       
--------------------------------------------- -----------                       
Coruscant                                                                       

MATRICULE                                                                       
---------------------------------------------                                   
NOMM                                                                            
---------------------------------------------                                   
PRENOMM                                                                         
---------------------------------------------                                   
SPECIALITE                                                                      
---------------------------------------------                                   
VILLE                                                                           
---------------------------------------------                                   
ADRESSE                                                                         
--------------------------------------------------------------------------------
NIVEAU                                        NBRPATIENTS                       
--------------------------------------------- -----------                       
999 avenue Galactique                                                           

MATRICULE                                                                       
---------------------------------------------                                   
NOMM                                                                            
---------------------------------------------                                   
PRENOMM                                                                         
---------------------------------------------                                   
SPECIALITE                                                                      
---------------------------------------------                                   
VILLE                                                                           
---------------------------------------------                                   
ADRESSE                                                                         
--------------------------------------------------------------------------------
NIVEAU                                        NBRPATIENTS                       
--------------------------------------------- -----------                       
Docteur                                                 0                       

MATRICULE                                                                       
---------------------------------------------                                   
NOMM                                                                            
---------------------------------------------                                   
PRENOMM                                                                         
---------------------------------------------                                   
SPECIALITE                                                                      
---------------------------------------------                                   
VILLE                                                                           
---------------------------------------------                                   
ADRESSE                                                                         
--------------------------------------------------------------------------------
NIVEAU                                        NBRPATIENTS                       
--------------------------------------------- -----------                       
                                                                                

SQL> SELECT * FROM CONSULTATION;

CODEDOCTEUR                                       NUMDOS DATEC                  
--------------------------------------------- ---------- ----------             
DIAGNOSTIC                                                                      
--------------------------------------------------------------------------------
    NUMORD                                                                      
----------                                                                      
PALS                                                   1 17-12-2018             
Insufisance pulmonaire                                                          
         1                                                                      
                                                                                
KENO                                                   2 17-12-2018             
Problème d'anxiété                                                           
         2                                                                      

CODEDOCTEUR                                       NUMDOS DATEC                  
--------------------------------------------- ---------- ----------             
DIAGNOSTIC                                                                      
--------------------------------------------------------------------------------
    NUMORD                                                                      
----------                                                                      
                                                                                
PALS                                                   3 17-12-2018             
Souffle au coeur important                                                      
         3                                                                      
                                                                                
PALS                                                   2 17-12-2018             
Problème peau                                                                  

CODEDOCTEUR                                       NUMDOS DATEC                  
--------------------------------------------- ---------- ----------             
DIAGNOSTIC                                                                      
--------------------------------------------------------------------------------
    NUMORD                                                                      
----------                                                                      
         4                                                                      
                                                                                
KENO                                                   4 17-12-2018             
tumeur bénine                                                                  
         5                                                                      
                                                                                

SQL> SELECT * FROM ORDONNANCE;

    NUMORD                                                                      
----------                                                                      
RECOMMANDATIONS                                                                 
--------------------------------------------------------------------------------
TYPE                                          DATEC                             
--------------------------------------------- ----------                        
         1                                                                      
Pose d'un nouveaux respirateur                                                  
Chirurgie                                     19-04-2018                        
                                                                                
         2                                                                      
3 fois par jour                                                                 
Médicaments                                  19-04-2018                        

    NUMORD                                                                      
----------                                                                      
RECOMMANDATIONS                                                                 
--------------------------------------------------------------------------------
TYPE                                          DATEC                             
--------------------------------------------- ----------                        
                                                                                
         3                                                                      
Greffe du coeur                                                                 
Chirurgie                                     19-04-2018                        
                                                                                
         4                                                                      
2 fois par semaine                                                              

    NUMORD                                                                      
----------                                                                      
RECOMMANDATIONS                                                                 
--------------------------------------------------------------------------------
TYPE                                          DATEC                             
--------------------------------------------- ----------                        
Médicaments                                  19-04-2018                        
                                                                                
         5                                                                      
opération tumeur                                                               
Chirurgie                                     19-04-2018                        
                                                                                

SQL> SELECT * FROM ORDONNANCECHIRURGIE;

    NUMORD     IDCHIR       RANG                                                
---------- ---------- ----------                                                
         1          1          2                                                
         3          2          1                                                
         5          1          3                                                

SQL> SELECT * FROM CHIRURGIE;

    IDCHIR     IDTYPE    IDSALLE DATECHIRUR HEUREDEBUT   HEUREFIN               
---------- ---------- ---------- ---------- ---------- ----------               
         1          3          1 01-01-2018       1600       2000               
         2          1          1 01-12-2018        700       1200               
         3          4          3 12-01-2018       1600       2000               

SQL> SELECT * FROM SALLE;

   IDSALLE NOM                                                                  
---------- ---------------------------------------------                        
         1 A-22                                                                 
         2 A-24                                                                 
         3 B-12                                                                 

SQL> SELECT * FROM SPECIALISATIONSALLE;

    IDTYPE    IDSALLE DATEC                                                     
---------- ---------- ----------                                                
         1          1 19-04-2018                                                
         2          2 19-04-2018                                                
         3          1 19-04-2018                                                
         4          3 19-04-2018                                                

SQL> SELECT * FROM TYPECHIRURGIE;

    IDTYPE NOM                                                                  
---------- ---------------------------------------------                        
DESCRIPTION                                                                     
--------------------------------------------------------------------------------
         1 Chirurgie coeur                                                      
Chirurgie du système cardiaque                                                 
                                                                                
         2 Chirurgie rein                                                       
Chirurgie du système rénale                                                   
                                                                                
         3 Chirurgie poumon                                                     
Chirurgie du système respiratoire                                              
                                                                                

    IDTYPE NOM                                                                  
---------- ---------------------------------------------                        
DESCRIPTION                                                                     
--------------------------------------------------------------------------------
         4 Chirurgie cerveau                                                    
Chirurgie du cérébrale                                                        
                                                                                

SQL> SELECT * FROM ORDONNANCEMEDICAMENTS;

    NUMORD      IDMED   NBBOITES                                                
---------- ---------- ----------                                                
         2          1         10                                                
         4          2          2                                                

SQL> SELECT * FROM MEDICAMENT;

     IDMED NOMMED                                              PRIX  CATEGORIE  
---------- --------------------------------------------- ---------- ----------  
         1 Teinture Achillée                                 10,99          1  
         2 Teinture Echinacea                                  9,99          1  
         3 Teinture Molène                                   11,99          1  
         4 Ibuprofène                                         5,99          2  
         5 Acétaminophène                                    3,99          2  
         6 Vitamine C                                         15,45          3  
         7 Vitamine A                                          5,89          3  

7 rows selected.

SQL> SELECT * FROM SPECIALITE;

CODE                                                                            
---------------------------------------------                                   
TITRE                                                                           
---------------------------------------------                                   
DESCRIPTION                                                                     
--------------------------------------------------------------------------------
IMMUNO                                                                          
Immunologie                                                                     
Étude du système immunitaire                                                  
                                                                                
CARDIO                                                                          
Cardiologie                                                                     
Étudie le cœur et ses maladies                                                

CODE                                                                            
---------------------------------------------                                   
TITRE                                                                           
---------------------------------------------                                   
DESCRIPTION                                                                     
--------------------------------------------------------------------------------
                                                                                
DERMATO                                                                         
Dermatologie                                                                    
Branche de la médecine qui s'occupe de la peau, des muqueuses et des phanères 
                                                                                
GASTRO                                                                          
Gastro-entérologie                                                             

CODE                                                                            
---------------------------------------------                                   
TITRE                                                                           
---------------------------------------------                                   
DESCRIPTION                                                                     
--------------------------------------------------------------------------------
Étudie le système digestif et ses maladies                                    
                                                                                

SQL> SELECT * FROM CATEGORIES;

IDCATEGORIE NOM                                                                 
----------- ---------------------------------------------                       
DESCRIPTION                                                                     
--------------------------------------------------------------------------------
          1 PRODUITS NATURELS                                                   
Produit d'origine végétale                                                    
                                                                                
          2 ANALGÉSIQUES                                                       
Qui supprime ou atténue la sensibilité à la douleur                          
                                                                                
          3 VITAMINES                                                           
Substance organique indispensable à l'organisme, apportée en petite quantité 
par l'alimentation                                                              

IDCATEGORIE NOM                                                                 
----------- ---------------------------------------------                       
DESCRIPTION                                                                     
--------------------------------------------------------------------------------
                                                                                

SQL> 
SQL> PROMPT Contenu des vues
Contenu des vues
SQL> SELECT * FROM NB_CONS_DOCTEUR;

MATRICULE                                     Nbr consultation                  
--------------------------------------------- ----------------                  
KENO                                                         2                  
PALS                                                         3                  

SQL> SELECT * FROM NB_CHIRURGIE_DOCTEUR;

MATRICULE                                                                       
---------------------------------------------                                   
Docteur                                                                         
--------------------------------------------------------------------------------
Nbr chirurgie                                                                   
-------------                                                                   
KENO                                                                            
Obi-Wan Kenobi                                                                  
            1                                                                   
                                                                                
PALS                                                                            
Sheev Palpatine                                                                 
            2                                                                   

MATRICULE                                                                       
---------------------------------------------                                   
Docteur                                                                         
--------------------------------------------------------------------------------
Nbr chirurgie                                                                   
-------------                                                                   
                                                                                

SQL> SELECT * FROM NB_CONS_SPECIALITE;

SPECIALITE                                    Nbr consultations                 
--------------------------------------------- -----------------                 
CARDIO                                                        2                 
IMMUNO                                                        3                 

SQL> SELECT * FROM NB_CONS_AN;

     annee Nbr de consultation par annee                                        
---------- -----------------------------                                        
      2018                             5                                        

SQL> SELECT * FROM NB_CONS_MOY_MOIS;

Nbr moyen de consultation/mois                                                  
------------------------------                                                  
                    ,416666667                                                  

SQL> SELECT * FROM NB_MED_DOCTEUR;

CODEDOCTEUR                                                                     
---------------------------------------------                                   
Docteur                                                                         
--------------------------------------------------------------------------------
Nbr médicaments prescrits                                                      
--------------------------                                                      
KENO                                                                            
Obi-Wan Kenobi                                                                  
                         1                                                      
                                                                                
PALS                                                                            
Sheev Palpatine                                                                 
                         1                                                      

CODEDOCTEUR                                                                     
---------------------------------------------                                   
Docteur                                                                         
--------------------------------------------------------------------------------
Nbr médicaments prescrits                                                      
--------------------------                                                      
                                                                                

SQL> SELECT * FROM NB_MED_DOCTEUR_AN;

CODEDOCTEUR                                                                     
---------------------------------------------                                   
Docteur                                                                         
--------------------------------------------------------------------------------
     annee Nbr médicaments prescrits                                           
---------- --------------------------                                           
KENO                                                                            
Obi-Wan Kenobi                                                                  
      2018                          1                                           
                                                                                
PALS                                                                            
Sheev Palpatine                                                                 
      2018                          1                                           

CODEDOCTEUR                                                                     
---------------------------------------------                                   
Docteur                                                                         
--------------------------------------------------------------------------------
     annee Nbr médicaments prescrits                                           
---------- --------------------------                                           
                                                                                

SQL> 
SQL> SPOOL OFF;
